[INFO  - 2018-11-29T05:01:36.909Z] GhostDriver - Main - running on port 2808
[INFO  - 2018-11-29T05:01:41.067Z] Session [dbf15b10-f393-11e8-98ee-91ad07797860] - page.settings - {"XSSAuditingEnabled":false,"javascriptCanCloseWindows":true,"javascriptCanOpenWindows":true,"javascriptEnabled":true,"loadImages":true,"localToRemoteUrlAccessEnabled":false,"userAgent":"Mozilla/5.0 (Windows NT 6.2; WOW64) AppleWebKit/538.1 (KHTML, like Gecko) PhantomJS/2.1.1 Safari/538.1","webSecurityEnabled":true}
[INFO  - 2018-11-29T05:01:41.067Z] Session [dbf15b10-f393-11e8-98ee-91ad07797860] - page.customHeaders:  - {}
[INFO  - 2018-11-29T05:01:41.067Z] Session [dbf15b10-f393-11e8-98ee-91ad07797860] - Session.negotiatedCapabilities - {"browserName":"phantomjs","version":"2.1.1","driverName":"ghostdriver","driverVersion":"1.2.0","platform":"windows-10-32bit","javascriptEnabled":true,"takesScreenshot":true,"handlesAlerts":false,"databaseEnabled":false,"locationContextEnabled":false,"applicationCacheEnabled":false,"browserConnectionEnabled":false,"cssSelectorsEnabled":true,"webStorageEnabled":false,"rotatable":false,"acceptSslCerts":false,"nativeEvents":true,"proxy":{"proxyType":"direct"}}
[INFO  - 2018-11-29T05:01:41.067Z] SessionManagerReqHand - _postNewSessionCommand - New Session Created: dbf15b10-f393-11e8-98ee-91ad07797860
[ERROR - 2018-11-29T05:01:53.637Z] Session [dbf15b10-f393-11e8-98ee-91ad07797860] - page.onError - msg: Error: Load timeout for modules: iscroll/iscroll.min.5.2.0
http://requirejs.org/docs/errors.html#timeout

  phantomjs://platform/console++.js:263 in error
[ERROR - 2018-11-29T05:01:53.637Z] Session [dbf15b10-f393-11e8-98ee-91ad07797860] - page.onError - stack:
  defaultOnError (https://store.naver.com/sogum/assets/libs/requirejs/require.2.3.5.min.js:5)
  c (https://store.naver.com/sogum/assets/libs/requirejs/require.2.3.5.min.js:5)
  l (http[INFO  - 2018-11-29T05:04:40.849Z] SessionManagerReqHand - _cleanupWindowlessSessions - Asynchronous Sessions clean-up phase starting NOW
[INFO  - 2018-11-29T05:09:40.850Z] SessionManagerReqHand - _cleanupWindowlessSessions - Asynchronous Sessions clean-up phase starting NOW
[INFO  - 2018-11-29T05:14:40.850Z] SessionManagerReqHand - _cleanupWindowlessSessions - Asynchronous Sessions clean-up phase starting NOW
[INFO  - 2018-11-29T05:19:40.852Z] SessionManagerReqHand - _cleanupWindowlessSessions - Asynchronous Sessions clean-up phase starting NOW
[INFO  - 2018-11-29T05:24:40.859Z] SessionManagerReqHand - _cleanupWindowlessSessions - Asynchronous Sessions clean-up phase starting NOW
[INFO  - 2018-11-29T05:29:40.859Z] SessionManagerReqHand - _cleanupWindowlessSessions - Asynchronous Sessions clean-up phase starting NOW
[INFO  - 2018-11-29T05:34:40.863Z] SessionManagerReqHand - _cleanupWindowlessSessions - Asynchronous Sessions clean-up phase starting NOW
[INFO  - 2018-11-29T05:39:40.864Z] SessionManagerReqHand - _cleanupWindowlessSessions - Asynchronous Sessions clean-up phase starting NOW
[INFO  - 2018-11-29T05:44:40.865Z] SessionManagerReqHand - _cleanupWindowlessSessions - Asynchronous Sessions clean-up phase starting NOW
[INFO  - 2018-11-29T05:49:40.864Z] SessionManagerReqHand - _cleanupWindowlessSessions - Asynchronous Sessions clean-up phase starting NOW
